22:22:43.942 [main] DEBUG org.apache.poi.openxml4j.opc.ZipPackage - Save part 'xl/worksheets/sheet4.xml'
22:22:43.955 [main] DEBUG org.apache.poi.openxml4j.opc.ZipPackage - Save part 'xl/worksheets/sheet5.xml'
22:22:43.955 [main] DEBUG org.apache.poi.openxml4j.opc.ZipPackage - Save part 'xl/worksheets/sheet6.xml'
22:22:43.956 [main] DEBUG org.apache.poi.openxml4j.opc.ZipPackage - Save part 'xl/worksheets/sheet7.xml'
22:22:43.956 [main] DEBUG org.apache.poi.openxml4j.opc.ZipPackage - Save part 'xl/worksheets/sheet8.xml'
22:22:44.071 [main] DEBUG org.apache.poi.openxml4j.opc.PackageRelationshipCollection - Parsing relationship: /xl/_rels/workbook.xml.rels
22:22:44.075 [main] DEBUG org.apache.poi.openxml4j.opc.PackageRelationshipCollection - Parsing relationship: /_rels/.rels
22:22:44.080 [main] DEBUG org.apache.poi.ooxml.POIXMLFactory - using default POIXMLDocumentPart for http://schemas.microsoft.com/office/2017/10/relationships/person
22:22:44.134 [main] DEBUG org.apache.poi.openxml4j.opc.ZipPackage - Save content types part
22:22:44.138 [main] DEBUG org.apache.poi.openxml4j.opc.ZipPackage - Save package relationships
22:22:44.141 [main] DEBUG org.apache.poi.openxml4j.opc.ZipPackage - Save part 'docProps/app.xml'
22:22:44.141 [main] DEBUG org.apache.poi.openxml4j.opc.ZipPackage - Save part 'docProps/core.xml'
22:22:44.144 [main] DEBUG org.apache.poi.openxml4j.opc.ZipPackage - Save part 'xl/persons/person.xml'
22:22:44.145 [main] DEBUG org.apache.poi.openxml4j.opc.ZipPackage - Save part 'xl/sharedStrings.xml'
22:22:44.145 [main] DEBUG org.apache.poi.openxml4j.opc.ZipPackage - Save part 'xl/styles.xml'
22:22:44.146 [main] DEBUG org.apache.poi.openxml4j.opc.ZipPackage - Save part 'xl/theme/theme1.xml'
22:22:44.146 [main] DEBUG org.apache.poi.openxml4j.opc.ZipPackage - Save part 'xl/workbook.xml'
22:22:44.150 [main] DEBUG org.apache.poi.openxml4j.opc.ZipPackage - Save part 'xl/worksheets/sheet1.xml'
22:22:44.151 [main] DEBUG org.apache.poi.openxml4j.opc.ZipPackage - Save part 'xl/worksheets/sheet2.xml'
22:22:44.151 [main] DEBUG org.apache.poi.openxml4j.opc.ZipPackage - Save part 'xl/worksheets/sheet3.xml'
22:22:44.152 [main] DEBUG org.apache.poi.openxml4j.opc.ZipPackage - Save part 'xl/worksheets/sheet4.xml'
22:22:44.152 [main] DEBUG org.apache.poi.openxml4j.opc.ZipPackage - Save part 'xl/worksheets/sheet5.xml'
22:22:44.153 [main] DEBUG org.apache.poi.openxml4j.opc.ZipPackage - Save part 'xl/worksheets/sheet6.xml'
22:22:44.153 [main] DEBUG org.apache.poi.openxml4j.opc.ZipPackage - Save part 'xl/worksheets/sheet7.xml'
22:22:44.153 [main] DEBUG org.apache.poi.openxml4j.opc.ZipPackage - Save part 'xl/worksheets/sheet8.xml'
22:22:44.156 [main] INFO  testCase.TC_002_CaptureSurgeries - Displayed List of All Orthopedics Surgeries in Console and Excel Sheet
22:22:44.399 [main] INFO  testCase.TC_002_CaptureSurgeries - Clicked on Close Button and Closed the Open Tab
22:22:44.399 [main] INFO  testCase.TC_002_CaptureSurgeries - ***** Ending TC_002_CaptureSurgeries *****
22:23:04.025 [main] INFO  testCase.TC_003_CorporateHealthAndWellness_InvalidDetails - ***** Starting TC_003_CorporateHealthAndWellness_InvalidDetails *****
22:23:04.146 [main] INFO  testCase.TC_003_CorporateHealthAndWellness_InvalidDetails - Clicked On Corporates
22:23:14.989 [main] INFO  testCase.TC_003_CorporateHealthAndWellness_InvalidDetails - Clicked On Health And Wellness Plans Option
22:23:15.031 [main] INFO  testCase.TC_003_CorporateHealthAndWellness_InvalidDetails - Scrolled down
22:23:15.495 [main] INFO  testCase.TC_003_CorporateHealthAndWellness_InvalidDetails - Name Entered
22:23:16.093 [main] INFO  testCase.TC_003_CorporateHealthAndWellness_InvalidDetails - Organization Name Entered
22:23:16.498 [main] INFO  testCase.TC_003_CorporateHealthAndWellness_InvalidDetails - The Contact Number Entered
22:23:16.806 [main] INFO  testCase.TC_003_CorporateHealthAndWellness_InvalidDetails - Invalid Email-Id Entered
22:23:17.204 [main] INFO  testCase.TC_003_CorporateHealthAndWellness_InvalidDetails - Selected Organizantion's Size from Dropdown
22:23:17.542 [main] INFO  testCase.TC_003_CorporateHealthAndWellness_InvalidDetails - Selected Interested-In from Dropdown
22:23:17.631 [main] INFO  testCase.TC_003_CorporateHealthAndWellness_InvalidDetails - Schedule button is disabled
22:23:17.631 [main] INFO  testCase.TC_003_CorporateHealthAndWellness_InvalidDetails - ***** Ending TC_003_CorporateHealthAndWellness_InvalidDetails *****
22:23:33.514 [main] INFO  testCase.TC_004_CorporateHealthAndWellness_ValidDetails - ***** Starting TC_004_CorporateHealthAndWellness_ValidDetails *****
22:23:43.121 [main] INFO  testCase.TC_004_CorporateHealthAndWellness_ValidDetails - Clicked On Corporates
22:24:06.786 [main] INFO  testCase.TC_004_CorporateHealthAndWellness_ValidDetails - Clicked On Health And Wellness Plans Option
22:24:06.833 [main] INFO  testCase.TC_004_CorporateHealthAndWellness_ValidDetails - Scrolled down
22:24:07.142 [main] INFO  testCase.TC_004_CorporateHealthAndWellness_ValidDetails - Name Entered
